<?xml version="1.0" encoding="UTF-8"?>
<testsuite xmlns:xsi="http://www.w3.org/2001/XMLSchema-instance" xsi:noNamespaceSchemaLocation="https://maven.apache.org/surefire/maven-surefire-plugin/xsd/surefire-test-report.xsd" version="3.0.2" name="com.azuredemo.azuredemo.AzureDemoApplicationTests" time="18.431" tests="1" errors="0" skipped="0" failures="0">
  <properties>
[...]
</properties>
  <testcase name="contextLoads" classname="com.azuredemo.azuredemo.AzureDemoApplicationTests" time="2.379">
    <system-out><![CDATA[16:58:40.819 [main] INFO org.springframework.test.context.support.AnnotationConfigContextLoaderUtils -- Could not detect default configuration classes for test class [com.azuredemo.azuredemo.AzureDemoApplicationTests]: AzureDemoApplicationTests does not declare any static, non-private, non-final, nested classes annotated with @Configuration.
16:58:41.170 [main] INFO org.springframework.boot.test.context.SpringBootTestContextBootstrapper -- Found @SpringBootConfiguration com.azuredemo.azuredemo.AzureDemoApplication for test class com.azuredemo.azuredemo.AzureDemoApplicationTests

  .   ____          _            __ _ _
 /\\ / ___'_ __ _ _(_)_ __  __ _ \ \ \ \
( ( )\___ | '_ | '_| | '_ \/ _` | \ \ \ \
 \\/  ___)| |_)| | | | | || (_| |  ) ) ) )
  '  |____| .__|_| |_|_| |_\__, | / / / /
 =========|_|==============|___/=/_/_/_/

 :: Spring Boot ::                (v3.4.1)

2024-12-25T16:58:42.881+05:30  INFO 13300 --- [AzureDemo] [           main] c.a.azuredemo.AzureDemoApplicationTests  : Starting AzureDemoApplicationTests using Java 17.0.9 with PID 13300 (started by Sathish Kumar in E:\Demo proejcts\AzureDemo)
2024-12-25T16:58:42.902+05:30  INFO 13300 --- [AzureDemo] [           main] c.a.azuredemo.AzureDemoApplicationTests  : No active profile set, falling back to 1 default profile: "default"
2024-12-25T16:58:45.083+05:30  INFO 13300 --- [AzureDemo] [           main] .s.d.r.c.RepositoryConfigurationDelegate : Bootstrapping Spring Data JPA repositories in DEFAULT mode.
2024-12-25T16:58:45.153+05:30  INFO 13300 --- [AzureDemo] [           main] .s.d.r.c.RepositoryConfigurationDelegate : Finished Spring Data repository scanning in 36 ms. Found 0 JPA repository interfaces.
2024-12-25T16:58:46.524+05:30  INFO 13300 --- [AzureDemo] [           main] o.hibernate.jpa.internal.util.LogHelper  : HHH000204: Processing PersistenceUnitInfo [name: default]
2024-12-25T16:58:46.806+05:30  INFO 13300 --- [AzureDemo] [           main] org.hibernate.Version                    : HHH000412: Hibernate ORM core version 6.6.4.Final
2024-12-25T16:58:46.985+05:30  INFO 13300 --- [AzureDemo] [           main] o.h.c.internal.RegionFactoryInitiator    : HHH000026: Second-level cache disabled
2024-12-25T16:58:49.000+05:30  INFO 13300 --- [AzureDemo] [           main] o.s.o.j.p.SpringPersistenceUnitInfo      : No LoadTimeWeaver setup: ignoring JPA class transformer
2024-12-25T16:58:49.182+05:30  INFO 13300 --- [AzureDemo] [           main] com.zaxxer.hikari.HikariDataSource       : HikariPool-1 - Starting...
2024-12-25T16:58:50.165+05:30  INFO 13300 --- [AzureDemo] [           main] com.zaxxer.hikari.pool.HikariPool        : HikariPool-1 - Added connection com.mysql.cj.jdbc.ConnectionImpl@2cd3fc29
2024-12-25T16:58:50.175+05:30  INFO 13300 --- [AzureDemo] [           main] com.zaxxer.hikari.HikariDataSource       : HikariPool-1 - Start completed.
2024-12-25T16:58:50.611+05:30  WARN 13300 --- [AzureDemo] [           main] org.hibernate.orm.deprecation            : HHH90000025: MySQL8Dialect does not need to be specified explicitly using 'hibernate.dialect' (remove the property setting and it will be selected by default)
2024-12-25T16:58:50.655+05:30  WARN 13300 --- [AzureDemo] [           main] org.hibernate.orm.deprecation            : HHH90000026: MySQL8Dialect has been deprecated; use org.hibernate.dialect.MySQLDialect instead
2024-12-25T16:58:50.958+05:30  INFO 13300 --- [AzureDemo] [           main] org.hibernate.orm.connections.pooling    : HHH10001005: Database info:
	Database JDBC URL [Connecting through datasource 'HikariDataSource (HikariPool-1)']
	Database driver: undefined/unknown
	Database version: 8.0
	Autocommit mode: undefined/unknown
	Isolation level: undefined/unknown
	Minimum pool size: undefined/unknown
	Maximum pool size: undefined/unknown
2024-12-25T16:58:53.211+05:30  INFO 13300 --- [AzureDemo] [           main] o.h.e.t.j.p.i.JtaPlatformInitiator       : HHH000489: No JTA platform available (set 'hibernate.transaction.jta.platform' to enable JTA platform integration)
2024-12-25T16:58:53.234+05:30  INFO 13300 --- [AzureDemo] [           main] j.LocalContainerEntityManagerFactoryBean : Initialized JPA EntityManagerFactory for persistence unit 'default'
2024-12-25T16:58:54.106+05:30  WARN 13300 --- [AzureDemo] [           main] JpaBaseConfiguration$JpaWebConfiguration : spring.jpa.open-in-view is enabled by default. Therefore, database queries may be performed during view rendering. Explicitly configure spring.jpa.open-in-view to disable this warning
2024-12-25T16:58:56.169+05:30  INFO 13300 --- [AzureDemo] [           main] c.a.azuredemo.AzureDemoApplicationTests  : Started AzureDemoApplicationTests in 14.319 seconds (process running for 17.615)
]]></system-out>
  </testcase>
</testsuite>